Command '/usr/local/fsl/bin/feat --help' timed out after 10 seconds
Command '/usr/local/fsl/bin/feat -help' timed out after 10 seconds
Command '/usr/local/fsl/bin/feat ' timed out after 10 seconds
Command '/usr/local/fsl/bin/featquery --help' timed out after 10 seconds
Command '/usr/local/fsl/bin/featquery -help' timed out after 10 seconds
Command '/usr/local/fsl/bin/featquery ' timed out after 10 seconds
Command '/usr/local/fsl/bin/featregapply --help' timed out after 10 seconds
Command '/usr/local/fsl/bin/featregapply -help' timed out after 10 seconds
Command '/usr/local/fsl/bin/featregapply ' timed out after 10 seconds

Timeout Summary:
      1 Timeout Summary:
      1 Command '/usr/local/fsl/bin/featregapply -help' timed out after 10 seconds
      1 Command '/usr/local/fsl/bin/featregapply --help' timed out after 10 seconds
      1 Command '/usr/local/fsl/bin/featregapply ' timed out after 10 seconds
      1 Command '/usr/local/fsl/bin/featquery -help' timed out after 10 seconds
      1 Command '/usr/local/fsl/bin/featquery --help' timed out after 10 seconds
      1 Command '/usr/local/fsl/bin/featquery ' timed out after 10 seconds
      1 Command '/usr/local/fsl/bin/feat -help' timed out after 10 seconds
      1 Command '/usr/local/fsl/bin/feat --help' timed out after 10 seconds
      1 Command '/usr/local/fsl/bin/feat ' timed out after 10 seconds
      1 
